<?xml version="1.0" encoding="UTF-8"?>
<!-- Generated by org.testng.reporters.JUnitReportReporter -->
<testsuite skipped="1" hostname="DESKTOP-J288E5V" name="com.crm.qa.testcases.ContactsPageTest" tests="6" failures="0" timestamp="26 Aug 2018 14:45:05 GMT" time="107.602" errors="0">
  <testcase name="verifyContactsPageLabel" time="16.152" classname="com.crm.qa.testcases.ContactsPageTest"/>
  <testcase name="validateCreateNewContact" time="23.501" classname="com.crm.qa.testcases.ContactsPageTest"/>
  <testcase name="validateCreateNewContact" time="21.300" classname="com.crm.qa.testcases.ContactsPageTest"/>
  <testcase name="validateCreateNewContact" time="22.116" classname="com.crm.qa.testcases.ContactsPageTest"/>
  <testcase name="validateCreateNewContact" time="24.533" classname="com.crm.qa.testcases.ContactsPageTest"/>
  <testcase name="selectContactsTest" classname="com.crm.qa.testcases.ContactsPageTest">
    <skipped/>
  </testcase> <!-- selectContactsTest -->
</testsuite> <!-- com.crm.qa.testcases.ContactsPageTest -->
