<?xml version="1.0" encoding="UTF-8"?>
<!-- Generated by org.testng.reporters.JUnitReportReporter -->
<testsuite skipped="0" hostname="DESKTOP-J288E5V" name="com.crm.qa.testcases.HomePageTest" tests="3" failures="0" timestamp="26 Aug 2018 17:50:56 GMT" time="77.677" errors="0">
  <testcase name="verifyHomePageTitle" time="29.878" classname="com.crm.qa.testcases.HomePageTest"/>
  <testcase name="verifyContactsTab" time="29.040" classname="com.crm.qa.testcases.HomePageTest"/>
  <testcase name="verifyUserName" time="18.759" classname="com.crm.qa.testcases.HomePageTest"/>
</testsuite> <!-- com.crm.qa.testcases.HomePageTest -->
