<?xml version="1.0" encoding="UTF-8"?>
<!-- Generated by org.testng.reporters.JUnitReportReporter -->
<testsuite skipped="0" hostname="DESKTOP-J288E5V" name="com.crm.qa.testcases.LoginPageTest" tests="3" failures="0" timestamp="26 Aug 2018 15:50:11 GMT" time="33.693" errors="0">
  <testcase name="loginPageTitleTest" time="8.899" classname="com.crm.qa.testcases.LoginPageTest"/>
  <testcase name="crmLogoImgTest" time="9.000" classname="com.crm.qa.testcases.LoginPageTest"/>
  <testcase name="loginTest" time="15.794" classname="com.crm.qa.testcases.LoginPageTest"/>
</testsuite> <!-- com.crm.qa.testcases.LoginPageTest -->
