<?xml version="1.0" encoding="UTF-8"?>
<!-- Generated by org.testng.reporters.JUnitReportReporter -->
<testsuite skipped="0" hostname="DESKTOP-J288E5V" name="com.crm.qa.testcases.HomePageTest" tests="3" failures="0" timestamp="26 Aug 2018 18:02:42 GMT" time="53.806" errors="0">
  <testcase name="verifyContactsTab" time="18.406" classname="com.crm.qa.testcases.HomePageTest"/>
  <testcase name="verifyUserName" time="17.822" classname="com.crm.qa.testcases.HomePageTest"/>
  <testcase name="verifyHomePageTitle" time="17.578" classname="com.crm.qa.testcases.HomePageTest"/>
</testsuite> <!-- com.crm.qa.testcases.HomePageTest -->
