<?xml version="1.0" encoding="UTF-8"?>
<!-- Generated by org.testng.reporters.JUnitReportReporter -->
<testsuite skipped="0" hostname="DESKTOP-J288E5V" name="com.crm.qa.testcases.LoginPageTest" tests="3" failures="0" timestamp="26 Aug 2018 18:02:42 GMT" time="42.936" errors="0">
  <testcase name="loginTest" time="19.034" classname="com.crm.qa.testcases.LoginPageTest"/>
  <testcase name="crmLogoImgTest" time="12.980" classname="com.crm.qa.testcases.LoginPageTest"/>
  <testcase name="loginPageTitleTest" time="10.922" classname="com.crm.qa.testcases.LoginPageTest"/>
</testsuite> <!-- com.crm.qa.testcases.LoginPageTest -->
